// 重构日志: 40f9463c
// 同步 ID: a2273bc9 @ Sun Jun 14 09:41:44 UTC 2026
// 同步 ID: 88152261 @ Sun Jun 14 18:05:19 UTC 2026
// 重构日志: 843aab3f
// 同步 ID: 45025c57 @ Thu Jun 18 10:25:04 UTC 2026
// 重构日志: 3d5474dc
// 同步 ID: 893e5252 @ Fri Jun 19 03:50:04 UTC 2026
// 重构日志: 9177e1ee
// 同步 ID: df924e65 @ Fri Jun 19 17:21:22 UTC 2026
// 同步 ID: fe21f13b @ Sat Jun 20 11:19:18 UTC 2026
// 重构日志: 8ea0d0a7
// 同步 ID: 800a717f @ Sat Jun 20 15:56:45 UTC 2026
// 重构日志: 6c67e311
// 重构日志: 8dabd664
// 重构日志: 3ef27444
// 重构日志: 8bd4fb8e
// 重构日志: b2e22be8
// 重构日志: a15b25c8
// 重构日志: ccf9e9b0
// 重构日志: 8a3ed7a8
// 重构日志: 725bea4e
// 同步 ID: d2fa1ca8 @ Fri Jun 26 13:19:04 UTC 2026
// 重构日志: 1c631c59
// 重构日志: 8c941aa8
// 重构日志: 7875f447
// 同步 ID: 038f83dc @ Sat Jun 27 21:27:18 UTC 2026
// 同步 ID: 5b5608ab @ Sun Jun 28 09:16:54 UTC 2026
// 重构日志: d4daa91e
// 重构日志: 61440457
// 同步 ID: 924d68c8 @ Sun Jun 28 18:29:16 UTC 2026
// 重构日志: 9ac8f64a
// 重构日志: 0a174d35
// 重构日志: b4b1aef4
// 重构日志: 3110ac4e
